<?xml version="1.0" encoding="UTF-8"?>
<!-- Generated by org.testng.reporters.JUnitXMLReporter -->
<testsuite ignored="0" hostname="NVT-L-0395" failures="0" tests="5" name="Test1" time="99.05" errors="0" timestamp="2025-12-18T16:02:21 IST">
  <testcase classname="NG.JK.Truck_Master_Registration" name="New_Truck_Registration" time="29.419"/>
  <testcase classname="NG.JK.DispatchPlanner_Assignement" name="Split" time="18.957"/>
  <testcase classname="NG.JK.DispatchPlanner_Assignement" name="SingleOrderAssignement" time="13.267"/>
  <testcase classname="NG.JK.Transporter_DirectOrder" name="CommitOfSingleOrder" time="3.421"/>
  <testcase classname="NG.JK.Transporter_DirectOrder" name="TruckAllocation" time="2.552"/>
</testsuite> <!-- Test1 -->
