<?xml version="1.0" encoding="UTF-8"?>
<!-- Generated by org.testng.reporters.JUnitXMLReporter -->
<testsuite ignored="0" hostname="NVT-L-0395" failures="0" tests="5" name="Test1" time="102.67" errors="0" timestamp="2025-11-22T22:10:44 IST">
  <testcase classname="NG.JK.Truck_Master_Registration" name="New_Truck_Registration" time="31.964"/>
  <testcase classname="NG.JK.DispatchPlanner" name="Split" time="21.699"/>
  <testcase classname="NG.JK.DispatchPlanner" name="SingleOrderAssignement" time="12.25"/>
  <testcase classname="NG.JK.Transporter_DirectOrder" name="CommitOfSingleOrder" time="3.755"/>
  <testcase classname="NG.JK.Transporter_DirectOrder" name="TruckAllocation" time="2.9"/>
</testsuite> <!-- Test1 -->
