<?xml version="1.0" encoding="UTF-8"?>
<testng-results ignored="0" total="5" passed="5" failed="0" skipped="0">
  <reporter-output>
  </reporter-output>
  <suite started-at="2025-12-18T16:00:42 IST" name="Suite" finished-at="2025-12-18T16:02:21 IST" duration-ms="99050">
    <groups>
      <group name="system">
        <method signature="DispatchPlanner_Assignement.Split()[pri:1, instance:NG.JK.DispatchPlanner_Assignement@353352b6]" name="Split" class="NG.JK.DispatchPlanner_Assignement"/>
        <method signature="Transporter_DirectOrder.CommitOfSingleOrder()[pri:1, instance:NG.JK.Transporter_DirectOrder@4681c175]" name="CommitOfSingleOrder" class="NG.JK.Transporter_DirectOrder"/>
        <method signature="DispatchPlanner_Assignement.SingleOrderAssignement()[pri:2, instance:NG.JK.DispatchPlanner_Assignement@353352b6]" name="SingleOrderAssignement" class="NG.JK.DispatchPlanner_Assignement"/>
        <method signature="Transporter_DirectOrder.TruckAllocation()[pri:2, instance:NG.JK.Transporter_DirectOrder@4681c175]" name="TruckAllocation" class="NG.JK.Transporter_DirectOrder"/>
      </group> <!-- system -->
      <group name="regression">
        <method signature="DispatchPlanner_Assignement.Split()[pri:1, instance:NG.JK.DispatchPlanner_Assignement@353352b6]" name="Split" class="NG.JK.DispatchPlanner_Assignement"/>
        <method signature="Transporter_DirectOrder.CommitOfSingleOrder()[pri:1, instance:NG.JK.Transporter_DirectOrder@4681c175]" name="CommitOfSingleOrder" class="NG.JK.Transporter_DirectOrder"/>
        <method signature="DispatchPlanner_Assignement.SingleOrderAssignement()[pri:2, instance:NG.JK.DispatchPlanner_Assignement@353352b6]" name="SingleOrderAssignement" class="NG.JK.DispatchPlanner_Assignement"/>
        <method signature="Transporter_DirectOrder.TruckAllocation()[pri:2, instance:NG.JK.Transporter_DirectOrder@4681c175]" name="TruckAllocation" class="NG.JK.Transporter_DirectOrder"/>
      </group> <!-- regression -->
    </groups>
    <test started-at="2025-12-18T16:00:42 IST" name="Test1" finished-at="2025-12-18T16:02:21 IST" duration-ms="99050">
      <class name="NG.JK.Truck_Master_Registration">
        <test-method is-config="true" signature="Launch()[pri:0, instance:NG.JK.Truck_Master_Registration@273444fe]" started-at="2025-12-18T16:00:42 IST" name="Launch" finished-at="2025-12-18T16:00:55 IST" duration-ms="13594" status="PASS">
          <reporter-output>
          </reporter-output>
        </test-method> <!-- Launch -->
        <test-method signature="New_Truck_Registration()[pri:1, instance:NG.JK.Truck_Master_Registration@273444fe]" started-at="2025-12-18T16:00:55 IST" name="New_Truck_Registration" finished-at="2025-12-18T16:01:25 IST" duration-ms="29419" status="PASS">
          <reporter-output>
          </reporter-output>
        </test-method> <!-- New_Truck_Registration -->
        <test-method is-config="true" signature="LogoutandQuit()[pri:0, instance:NG.JK.Truck_Master_Registration@273444fe]" started-at="2025-12-18T16:01:25 IST" name="LogoutandQuit" finished-at="2025-12-18T16:01:26 IST" duration-ms="968" status="PASS">
          <reporter-output>
          </reporter-output>
        </test-method> <!-- LogoutandQuit -->
      </class> <!-- NG.JK.Truck_Master_Registration -->
      <class name="NG.JK.Transporter_DirectOrder">
        <test-method is-config="true" signature="Launch()[pri:0, instance:NG.JK.Transporter_DirectOrder@4681c175]" started-at="2025-12-18T16:02:07 IST" name="Launch" finished-at="2025-12-18T16:02:14 IST" duration-ms="7233" status="PASS">
          <reporter-output>
          </reporter-output>
        </test-method> <!-- Launch -->
        <test-method signature="CommitOfSingleOrder()[pri:1, instance:NG.JK.Transporter_DirectOrder@4681c175]" started-at="2025-12-18T16:02:14 IST" name="CommitOfSingleOrder" finished-at="2025-12-18T16:02:17 IST" duration-ms="3421" status="PASS">
          <reporter-output>
          </reporter-output>
        </test-method> <!-- CommitOfSingleOrder -->
        <test-method signature="TruckAllocation()[pri:2, instance:NG.JK.Transporter_DirectOrder@4681c175]" started-at="2025-12-18T16:02:18 IST" name="TruckAllocation" finished-at="2025-12-18T16:02:20 IST" duration-ms="2552" status="PASS">
          <reporter-output>
          </reporter-output>
        </test-method> <!-- TruckAllocation -->
        <test-method is-config="true" signature="LogoutandQuit()[pri:0, instance:NG.JK.Transporter_DirectOrder@4681c175]" started-at="2025-12-18T16:02:20 IST" name="LogoutandQuit" finished-at="2025-12-18T16:02:21 IST" duration-ms="298" status="PASS">
          <reporter-output>
          </reporter-output>
        </test-method> <!-- LogoutandQuit -->
      </class> <!-- NG.JK.Transporter_DirectOrder -->
      <class name="NG.JK.DispatchPlanner_Assignement">
        <test-method is-config="true" signature="Launch()[pri:0, instance:NG.JK.DispatchPlanner_Assignement@353352b6]" started-at="2025-12-18T16:01:26 IST" name="Launch" finished-at="2025-12-18T16:01:34 IST" duration-ms="8365" status="PASS">
          <reporter-output>
          </reporter-output>
        </test-method> <!-- Launch -->
        <test-method signature="Split()[pri:1, instance:NG.JK.DispatchPlanner_Assignement@353352b6]" started-at="2025-12-18T16:01:34 IST" name="Split" finished-at="2025-12-18T16:01:53 IST" duration-ms="18957" status="PASS">
          <reporter-output>
          </reporter-output>
        </test-method> <!-- Split -->
        <test-method signature="SingleOrderAssignement()[pri:2, instance:NG.JK.DispatchPlanner_Assignement@353352b6]" started-at="2025-12-18T16:01:53 IST" name="SingleOrderAssignement" finished-at="2025-12-18T16:02:06 IST" duration-ms="13267" status="PASS">
          <reporter-output>
          </reporter-output>
        </test-method> <!-- SingleOrderAssignement -->
        <test-method is-config="true" signature="LogoutandQuit()[pri:0, instance:NG.JK.DispatchPlanner_Assignement@353352b6]" started-at="2025-12-18T16:02:07 IST" name="LogoutandQuit" finished-at="2025-12-18T16:02:07 IST" duration-ms="114" status="PASS">
          <reporter-output>
          </reporter-output>
        </test-method> <!-- LogoutandQuit -->
      </class> <!-- NG.JK.DispatchPlanner_Assignement -->
    </test> <!-- Test1 -->
  </suite> <!-- Suite -->
</testng-results>
