<?xml version="1.0" encoding="UTF-8"?>
<!-- Generated by org.testng.reporters.JUnitReportReporter -->
<testsuite hostname="NVT-L-0395" failures="0" tests="2" name="NG.JK.Transporter_DirectOrder" time="5.973" errors="0" timestamp="2025-12-18T16:02:21 IST" skipped="0">
  <testcase classname="NG.JK.Transporter_DirectOrder" name="CommitOfSingleOrder" time="3.421"/>
  <testcase classname="NG.JK.Transporter_DirectOrder" name="TruckAllocation" time="2.552"/>
</testsuite> <!-- NG.JK.Transporter_DirectOrder -->
