<?xml version="1.0" encoding="UTF-8"?>
<!-- Generated by org.testng.reporters.JUnitReportReporter -->
<testsuite hostname="NVT-L-0395" failures="0" tests="2" name="NG.JK.Transporter_DirectOrder" time="6.655" errors="0" timestamp="2025-11-22T22:10:44 IST" skipped="0">
  <testcase classname="NG.JK.Transporter_DirectOrder" name="CommitOfSingleOrder" time="3.755"/>
  <testcase classname="NG.JK.Transporter_DirectOrder" name="TruckAllocation" time="2.900"/>
</testsuite> <!-- NG.JK.Transporter_DirectOrder -->
